# JRE version: Java(TM) SE Runtime Environment (8.0_251-b08) (build 1.8.0_251-b08)
# Java VM: Java HotSpot(TM) 64-Bit Server VM (25.251-b08 mixed mode windows-amd64 compressed oops)
Heap:
 PSYoungGen      total 141824K, used 61113K [0x00000000f5580000, 0x00000000fea80000, 0x0000000100000000)
  eden space 131072K, 46% used [0x00000000f5580000,0x00000000f912e648,0x00000000fd580000)
  from space 10752K, 0% used [0x00000000fe000000,0x00000000fe000000,0x00000000fea80000)
  to   space 10752K, 0% used [0x00000000fd580000,0x00000000fd580000,0x00000000fe000000)
 ParOldGen       total 175104K, used 15666K [0x00000000e0000000, 0x00000000eab00000, 0x00000000f5580000)
  object space 175104K, 8% used [0x00000000e0000000,0x00000000e0f4ca08,0x00000000eab00000)
 Metaspace       used 37497K, capacity 38642K, committed 38912K, reserved 1083392K
  class space    used 5326K, capacity 5610K, committed 5632K, reserved 1048576K
GC Heap History (10 events):
Event: 3.810 GC heap before
{Heap before GC invocations=4 (full 0):
 PSYoungGen      total 76288K, used 13731K [0x00000000f5580000, 0x00000000fea80000, 0x0000000100000000)
  eden space 65536K, 4% used [0x00000000f5580000,0x00000000f586aad0,0x00000000f9580000)
  from space 10752K, 99% used [0x00000000f9580000,0x00000000f9ffe150,0x00000000fa000000)
  to   space 10752K, 0% used [0x00000000fe000000,0x00000000fe000000,0x00000000fea80000)
 ParOldGen       total 175104K, used 561K [0x00000000e0000000, 0x00000000eab00000, 0x00000000f5580000)
  object space 175104K, 0% used [0x00000000e0000000,0x00000000e008c7c8,0x00000000eab00000)
 Metaspace       used 20571K, capacity 21202K, committed 21296K, reserved 1067008K
  class space    used 2967K, capacity 3167K, committed 3200K, reserved 1048576K
Event: 3.827 GC heap after
Heap after GC invocations=4 (full 0):
 PSYoungGen      total 141824K, used 7046K [0x00000000f5580000, 0x00000000fea80000, 0x0000000100000000)
  eden space 131072K, 0% used [0x00000000f5580000,0x00000000f5580000,0x00000000fd580000)
  from space 10752K, 65% used [0x00000000fe000000,0x00000000fe6e1a90,0x00000000fea80000)
  to   space 10752K, 0% used [0x00000000fd580000,0x00000000fd580000,0x00000000fe000000)
 ParOldGen       total 175104K, used 569K [0x00000000e0000000, 0x00000000eab00000, 0x00000000f5580000)
  object space 175104K, 0% used [0x00000000e0000000,0x00000000e008e7c8,0x00000000eab00000)
 Metaspace       used 20571K, capacity 21202K, committed 21296K, reserved 1067008K
  class space    used 2967K, capacity 3167K, committed 3200K, reserved 1048576K
}
Event: 3.827 GC heap before
{Heap before GC invocations=5 (full 1):
 PSYoungGen      total 141824K, used 7046K [0x00000000f5580000, 0x00000000fea80000, 0x0000000100000000)
  eden space 131072K, 0% used [0x00000000f5580000,0x00000000f5580000,0x00000000fd580000)
  from space 10752K, 65% used [0x00000000fe000000,0x00000000fe6e1a90,0x00000000fea80000)
  to   space 10752K, 0% used [0x00000000fd580000,0x00000000fd580000,0x00000000fe000000)
 ParOldGen       total 175104K, used 569K [0x00000000e0000000, 0x00000000eab00000, 0x00000000f5580000)
  object space 175104K, 0% used [0x00000000e0000000,0x00000000e008e7c8,0x00000000eab00000)
 Metaspace       used 20571K, capacity 21202K, committed 21296K, reserved 1067008K
  class space    used 2967K, capacity 3167K, committed 3200K, reserved 1048576K
Event: 3.891 GC heap after
Heap after GC invocations=5 (full 1):
 PSYoungGen      total 141824K, used 0K [0x00000000f5580000, 0x00000000fea80000, 0x0000000100000000)
  eden space 131072K, 0% used [0x00000000f5580000,0x00000000f5580000,0x00000000fd580000)
  from space 10752K, 0% used [0x00000000fe000000,0x00000000fe000000,0x00000000fea80000)
  to   space 10752K, 0% used [0x00000000fd580000,0x00000000fd580000,0x00000000fe000000)
 ParOldGen       total 175104K, used 6956K [0x00000000e0000000, 0x00000000eab00000, 0x00000000f5580000)
  object space 175104K, 3% used [0x00000000e0000000,0x00000000e06cb3f8,0x00000000eab00000)
 Metaspace       used 20571K, capacity 21202K, committed 21296K, reserved 1067008K
  class space    used 2967K, capacity 3167K, committed 3200K, reserved 1048576K
}
Event: 6.015 GC heap before
{Heap before GC invocations=6 (full 1):
 PSYoungGen      total 141824K, used 131072K [0x00000000f5580000, 0x00000000fea80000, 0x0000000100000000)
  eden space 131072K, 100% used [0x00000000f5580000,0x00000000fd580000,0x00000000fd580000)
  from space 10752K, 0% used [0x00000000fe000000,0x00000000fe000000,0x00000000fea80000)
  to   space 10752K, 0% used [0x00000000fd580000,0x00000000fd580000,0x00000000fe000000)
 ParOldGen       total 175104K, used 6956K [0x00000000e0000000, 0x00000000eab00000, 0x00000000f5580000)
  object space 175104K, 3% used [0x00000000e0000000,0x00000000e06cb3f8,0x00000000eab00000)
 Metaspace       used 32542K, capacity 33478K, committed 33792K, reserved 1079296K
  class space    used 4508K, capacity 4773K, committed 4864K, reserved 1048576K
Event: 6.037 GC heap after
Heap after GC invocations=6 (full 1):
 PSYoungGen      total 141824K, used 10750K [0x00000000f5580000, 0x00000000fea80000, 0x0000000100000000)
  eden space 131072K, 0% used [0x00000000f5580000,0x00000000f5580000,0x00000000fd580000)
  from space 10752K, 99% used [0x00000000fd580000,0x00000000fdfff8d8,0x00000000fe000000)
  to   space 10752K, 0% used [0x00000000fe000000,0x00000000fe000000,0x00000000fea80000)
 ParOldGen       total 175104K, used 9561K [0x00000000e0000000, 0x00000000eab00000, 0x00000000f5580000)
  object space 175104K, 5% used [0x00000000e0000000,0x00000000e0956468,0x00000000eab00000)
 Metaspace       used 32542K, capacity 33478K, committed 33792K, reserved 1079296K
  class space    used 4508K, capacity 4773K, committed 4864K, reserved 1048576K
}
Event: 6.655 GC heap before
{Heap before GC invocations=7 (full 1):
 PSYoungGen      total 141824K, used 52010K [0x00000000f5580000, 0x00000000fea80000, 0x0000000100000000)
  eden space 131072K, 31% used [0x00000000f5580000,0x00000000f7dcaf28,0x00000000fd580000)
  from space 10752K, 99% used [0x00000000fd580000,0x00000000fdfff8d8,0x00000000fe000000)
  to   space 10752K, 0% used [0x00000000fe000000,0x00000000fe000000,0x00000000fea80000)
 ParOldGen       total 175104K, used 9561K [0x00000000e0000000, 0x00000000eab00000, 0x00000000f5580000)
  object space 175104K, 5% used [0x00000000e0000000,0x00000000e0956468,0x00000000eab00000)
 Metaspace       used 34487K, capacity 35432K, committed 35496K, reserved 1079296K
  class space    used 4790K, capacity 5060K, committed 5120K, reserved 1048576K
Event: 6.677 GC heap after
Heap after GC invocations=7 (full 1):
 PSYoungGen      total 141824K, used 8992K [0x00000000f5580000, 0x00000000fea80000, 0x0000000100000000)
  eden space 131072K, 0% used [0x00000000f5580000,0x00000000f5580000,0x00000000fd580000)
  from space 10752K, 83% used [0x00000000fe000000,0x00000000fe8c8380,0x00000000fea80000)
  to   space 10752K, 0% used [0x00000000fd580000,0x00000000fd580000,0x00000000fe000000)
 ParOldGen       total 175104K, used 9561K [0x00000000e0000000, 0x00000000eab00000, 0x00000000f5580000)
  object space 175104K, 5% used [0x00000000e0000000,0x00000000e0956468,0x00000000eab00000)
 Metaspace       used 34487K, capacity 35432K, committed 35496K, reserved 1079296K
  class space    used 4790K, capacity 5060K, committed 5120K, reserved 1048576K
}
Event: 6.677 GC heap before
{Heap before GC invocations=8 (full 2):
 PSYoungGen      total 141824K, used 8992K [0x00000000f5580000, 0x00000000fea80000, 0x0000000100000000)
  eden space 131072K, 0% used [0x00000000f5580000,0x00000000f5580000,0x00000000fd580000)
  from space 10752K, 83% used [0x00000000fe000000,0x00000000fe8c8380,0x00000000fea80000)
  to   space 10752K, 0% used [0x00000000fd580000,0x00000000fd580000,0x00000000fe000000)
 ParOldGen       total 175104K, used 9561K [0x00000000e0000000, 0x00000000eab00000, 0x00000000f5580000)
  object space 175104K, 5% used [0x00000000e0000000,0x00000000e0956468,0x00000000eab00000)
 Metaspace       used 34487K, capacity 35432K, committed 35496K, reserved 1079296K
  class space    used 4790K, capacity 5060K, committed 5120K, reserved 1048576K
Event: 6.751 GC heap after
Heap after GC invocations=8 (full 2):
 PSYoungGen      total 141824K, used 0K [0x00000000f5580000, 0x00000000fea80000, 0x0000000100000000)
  eden space 131072K, 0% used [0x00000000f5580000,0x00000000f5580000,0x00000000fd580000)
  from space 10752K, 0% used [0x00000000fe000000,0x00000000fe000000,0x00000000fea80000)
  to   space 10752K, 0% used [0x00000000fd580000,0x00000000fd580000,0x00000000fe000000)
 ParOldGen       total 175104K, used 15666K [0x00000000e0000000, 0x00000000eab00000, 0x00000000f5580000)
  object space 175104K, 8% used [0x00000000e0000000,0x00000000e0f4ca08,0x00000000eab00000)
 Metaspace       used 34487K, capacity 35432K, committed 35496K, reserved 1079296K
  class space    used 4790K, capacity 5060K, committed 5120K, reserved 1048576K
}

